1769968192: mosquitto version 2.0.22 starting
1769968192: Config loaded from /mosquitto/config/mosquitto.conf.
1769968192: Opening ipv4 listen socket on port 1883.
1769968192: Opening ipv6 listen socket on port 1883.
1769968192: mosquitto version 2.0.22 running
1769968678: New connection from ::1:34558 on port 1883.
1769968678: New client connected from ::1:34558 as auto-9596EF17-4CBD-BCED-FDD0-CC453F045E96 (p2, c1, k60).
1769968678: Client auto-9596EF17-4CBD-BCED-FDD0-CC453F045E96 disconnected.
1769969180: New connection from ::1:43494 on port 1883.
1769969180: New client connected from ::1:43494 as auto-D0C817E1-3EBF-DC57-39F4-F4B210067FB1 (p2, c1, k60).
1769969180: Client auto-D0C817E1-3EBF-DC57-39F4-F4B210067FB1 disconnected.
1769969249: New connection from ::1:43502 on port 1883.
1769969249: New client connected from ::1:43502 as auto-467E64F6-AFDA-8D01-59F8-38EEE1CBD7C6 (p2, c1, k60).
1769969249: Client auto-467E64F6-AFDA-8D01-59F8-38EEE1CBD7C6 disconnected.
1769969268: New connection from ::1:57178 on port 1883.
1769969268: New client connected from ::1:57178 as auto-4106DB4B-074A-02A6-2E5A-E2A7A4078457 (p2, c1, k60).
1769969268: Client auto-4106DB4B-074A-02A6-2E5A-E2A7A4078457 disconnected.
1769969289: New connection from ::1:60958 on port 1883.
1769969289: New client connected from ::1:60958 as auto-C94613FE-948F-0588-E8D6-2C0022C6F5FF (p2, c1, k60).
1769969289: Client auto-C94613FE-948F-0588-E8D6-2C0022C6F5FF disconnected.
1769969727: New connection from ::1:36538 on port 1883.
1769969727: New client connected from ::1:36538 as auto-0DDC2B43-8B8E-F651-80D4-C1C28271C7DF (p2, c1, k60).
1769969727: Client auto-0DDC2B43-8B8E-F651-80D4-C1C28271C7DF disconnected.
1769969889: Saving in-memory database to /mosquitto/data//mosquitto.db.
1769969905: New connection from ::1:55338 on port 1883.
1769969905: New client connected from ::1:55338 as auto-5238EFA9-C8E0-F2E1-B356-BA7817B075D9 (p2, c1, k60).
1769969905: Client auto-5238EFA9-C8E0-F2E1-B356-BA7817B075D9 disconnected.
1769969955: New connection from ::1:34550 on port 1883.
1769969955: New client connected from ::1:34550 as auto-60CBBE88-F254-8A64-A7EA-7FE802C51390 (p2, c1, k60).
1769969955: New connection from ::1:34558 on port 1883.
1769969955: New client connected from ::1:34558 as auto-629A87A4-3C67-67FA-80AF-93B40A99D3E6 (p2, c1, k60).
1769969955: Client auto-629A87A4-3C67-67FA-80AF-93B40A99D3E6 disconnected.
1769969955: Client auto-60CBBE88-F254-8A64-A7EA-7FE802C51390 disconnected.
1769969989: New connection from ::1:36432 on port 1883.
1769969989: New client connected from ::1:36432 as auto-CC86B8AE-49C3-B110-4AC0-620C2B49D762 (p2, c1, k60).
1769969990: New connection from ::1:36448 on port 1883.
1769969990: New client connected from ::1:36448 as auto-61DF0F17-4E51-39C2-3A30-5C001964727A (p2, c1, k60).
1769969990: Client auto-61DF0F17-4E51-39C2-3A30-5C001964727A disconnected.
1769969990: Client auto-CC86B8AE-49C3-B110-4AC0-620C2B49D762 disconnected.
1769971585: Saving in-memory database to /mosquitto/data//mosquitto.db.
1769971885: New connection from 172.19.0.1:56592 on port 1883.
1769971885: Client <unknown> disconnected due to protocol error.
1769971886: New connection from 172.19.0.1:56600 on port 1883.
1769971886: Client <unknown> disconnected due to protocol error.
1769971891: New connection from 172.19.0.1:56602 on port 1883.
1769971891: Client <unknown> disconnected due to protocol error.
1769972144: New connection from ::1:39744 on port 1883.
1769972144: New client connected from ::1:39744 as auto-9A1F0C4A-12FB-D619-5F62-BFD92EF55A6F (p2, c1, k60).
1769972144: Client auto-9A1F0C4A-12FB-D619-5F62-BFD92EF55A6F disconnected.
1769973282: Saving in-memory database to /mosquitto/data//mosquitto.db.
1769974977: Saving in-memory database to /mosquitto/data//mosquitto.db.
1769976672: Saving in-memory database to /mosquitto/data//mosquitto.db.
1769978366: Saving in-memory database to /mosquitto/data//mosquitto.db.
1769978457: New connection from ::1:52902 on port 1883.
1769978457: New client connected from ::1:52902 as auto-5C399C05-6AF5-BDC5-35B7-E1DA10EF79F5 (p2, c1, k60).
1769978457: Client auto-5C399C05-6AF5-BDC5-35B7-E1DA10EF79F5 disconnected.
1769978534: New connection from ::1:46568 on port 1883.
1769978534: New client connected from ::1:46568 as auto-8EBC7258-B0EC-EC9C-7E3E-CC4D5C38ED87 (p2, c1, k60).
1769978534: Client auto-8EBC7258-B0EC-EC9C-7E3E-CC4D5C38ED87 disconnected.
1769978708: New connection from ::1:44558 on port 1883.
1769978708: New client connected from ::1:44558 as auto-02B74C0C-9152-92A4-C962-2E99EC3B38AD (p2, c1, k60).
1769978708: Client auto-02B74C0C-9152-92A4-C962-2E99EC3B38AD disconnected.
1769978764: New connection from ::1:52602 on port 1883.
1769978764: New client connected from ::1:52602 as auto-30934A38-A661-B50D-C0FA-964CDC080889 (p2, c1, k60).
1769978764: Client auto-30934A38-A661-B50D-C0FA-964CDC080889 disconnected.
1769978781: New connection from ::1:46504 on port 1883.
1769978781: New client connected from ::1:46504 as auto-64979271-663F-D5B3-2949-FB0F9050B4F9 (p2, c1, k60).
1769978909: Client auto-64979271-663F-D5B3-2949-FB0F9050B4F9 disconnected.
1769978921: New connection from ::1:43088 on port 1883.
1769978921: New client connected from ::1:43088 as auto-D31FB4CA-DF3B-246E-E944-431A235923B5 (p2, c1, k60).
1769978921: Client auto-D31FB4CA-DF3B-246E-E944-431A235923B5 disconnected.
1769978932: New connection from ::1:36310 on port 1883.
1769978932: New client connected from ::1:36310 as auto-20E84BB0-29E3-45BC-213B-0CB84DB42AF4 (p2, c1, k60).
1769978932: Client auto-20E84BB0-29E3-45BC-213B-0CB84DB42AF4 disconnected.
1769978985: New connection from ::1:57920 on port 1883.
1769978985: New client connected from ::1:57920 as auto-6AA4389D-BE22-F4C0-7AFE-5D19859A4AD1 (p2, c1, k60).
1769979017: New connection from ::1:54152 on port 1883.
1769979017: New client connected from ::1:54152 as auto-A71574C6-B7A9-33A9-EEF8-E318D045E986 (p2, c1, k60).
1769979017: Client auto-A71574C6-B7A9-33A9-EEF8-E318D045E986 disconnected.
1769979026: New connection from ::1:38536 on port 1883.
1769979026: New client connected from ::1:38536 as auto-EF0EAC78-7DFF-BD4D-051C-9DE4E6530D55 (p2, c1, k60).
1769979026: Client auto-EF0EAC78-7DFF-BD4D-051C-9DE4E6530D55 disconnected.
1769979154: Client auto-6AA4389D-BE22-F4C0-7AFE-5D19859A4AD1 disconnected.
1769979163: New connection from ::1:35530 on port 1883.
1769979163: New client connected from ::1:35530 as auto-62F6567D-7CAA-E555-297F-B353FA75C04B (p2, c1, k60).
1769979163: Client auto-62F6567D-7CAA-E555-297F-B353FA75C04B disconnected.
1769979381: New connection from 172.19.0.3:40777 on port 1883.
1769979381: Client <unknown> closed its connection.
1769980060: Saving in-memory database to /mosquitto/data//mosquitto.db.
1769981790: Saving in-memory database to /mosquitto/data//mosquitto.db.
1769983591: Saving in-memory database to /mosquitto/data//mosquitto.db.
1769985392: Saving in-memory database to /mosquitto/data//mosquitto.db.
1769987193: Saving in-memory database to /mosquitto/data//mosquitto.db.
1770013068: mosquitto version 2.0.22 starting
1770013068: Config loaded from /mosquitto/config/mosquitto.conf.
1770013068: Opening ipv4 listen socket on port 1883.
1770013068: Opening ipv6 listen socket on port 1883.
1770013068: mosquitto version 2.0.22 running
1770013434: New connection from 172.19.0.4:56910 on port 1883.
1770013434: New client connected from 172.19.0.4:56910 as nodered_abfdde3e8126f29c (p2, c1, k60).
1770013484: New connection from ::1:50374 on port 1883.
1770013484: New client connected from ::1:50374 as auto-BDC6A8B4-7EAA-200A-163F-6DAFFF40B0F7 (p2, c1, k60).
1770013484: Client auto-BDC6A8B4-7EAA-200A-163F-6DAFFF40B0F7 disconnected.
1770013693: New connection from ::1:57012 on port 1883.
1770013693: New client connected from ::1:57012 as auto-8DD87422-5CE7-1025-5B3F-ECAC111CFA67 (p2, c1, k60).
1770013693: Client auto-8DD87422-5CE7-1025-5B3F-ECAC111CFA67 disconnected.
1770013925: New connection from ::1:52218 on port 1883.
1770013925: New client connected from ::1:52218 as auto-D70A7E4C-5FBF-C0DB-86C1-EABEA24C290D (p2, c1, k60).
1770014139: New connection from ::1:58196 on port 1883.
1770014139: New client connected from ::1:58196 as auto-0120555F-064A-58BE-BB09-96EE61EEE428 (p2, c1, k60).
1770014139: Client auto-0120555F-064A-58BE-BB09-96EE61EEE428 disconnected.
1770014868: Saving in-memory database to /mosquitto/data//mosquitto.db.
1770016669: Saving in-memory database to /mosquitto/data//mosquitto.db.
1770018470: Saving in-memory database to /mosquitto/data//mosquitto.db.
1770020271: Saving in-memory database to /mosquitto/data//mosquitto.db.
1770022072: Saving in-memory database to /mosquitto/data//mosquitto.db.
1770023873: Saving in-memory database to /mosquitto/data//mosquitto.db.
1770025674: Saving in-memory database to /mosquitto/data//mosquitto.db.
1770027475: Saving in-memory database to /mosquitto/data//mosquitto.db.
1770029275: Saving in-memory database to /mosquitto/data//mosquitto.db.
1770031076: Saving in-memory database to /mosquitto/data//mosquitto.db.
1770032877: Saving in-memory database to /mosquitto/data//mosquitto.db.
1770034678: Saving in-memory database to /mosquitto/data//mosquitto.db.
1770036479: Saving in-memory database to /mosquitto/data//mosquitto.db.
1770038280: Saving in-memory database to /mosquitto/data//mosquitto.db.
1770040081: Saving in-memory database to /mosquitto/data//mosquitto.db.
1770041882: Saving in-memory database to /mosquitto/data//mosquitto.db.
1770043683: Saving in-memory database to /mosquitto/data//mosquitto.db.
1770045484: Saving in-memory database to /mosquitto/data//mosquitto.db.
1770047285: Saving in-memory database to /mosquitto/data//mosquitto.db.
1770049086: Saving in-memory database to /mosquitto/data//mosquitto.db.
1770050887: Saving in-memory database to /mosquitto/data//mosquitto.db.
1770052688: Saving in-memory database to /mosquitto/data//mosquitto.db.
1770054489: Saving in-memory database to /mosquitto/data//mosquitto.db.
1770056289: Saving in-memory database to /mosquitto/data//mosquitto.db.
1770058090: Saving in-memory database to /mosquitto/data//mosquitto.db.
1770059891: Saving in-memory database to /mosquitto/data//mosquitto.db.
1770061478: New connection from ::1:52730 on port 1883.
1770061478: New client connected from ::1:52730 as sensor-soil-01 (p2, c1, k60).
1770061562: Client sensor-soil-01 closed its connection.
1770061582: New connection from ::1:40808 on port 1883.
1770061582: New client connected from ::1:40808 as auto-1D843872-5D88-E66B-50D4-0370CE7A48E5 (p2, c1, k60).
1770061582: Client auto-1D843872-5D88-E66B-50D4-0370CE7A48E5 disconnected.
1770061692: Saving in-memory database to /mosquitto/data//mosquitto.db.
1770063493: Saving in-memory database to /mosquitto/data//mosquitto.db.
1770064390: Client auto-D70A7E4C-5FBF-C0DB-86C1-EABEA24C290D disconnected.
1770065293: Saving in-memory database to /mosquitto/data//mosquitto.db.
1770067094: Saving in-memory database to /mosquitto/data//mosquitto.db.
1770068895: Saving in-memory database to /mosquitto/data//mosquitto.db.
1770070695: Saving in-memory database to /mosquitto/data//mosquitto.db.
1770099677: mosquitto version 2.0.22 starting
1770099677: Config loaded from /mosquitto/config/mosquitto.conf.
1770099677: Opening ipv4 listen socket on port 1883.
1770099677: Opening ipv6 listen socket on port 1883.
1770099677: mosquitto version 2.0.22 running
1770099679: New connection from 172.19.0.4:49860 on port 1883.
1770099679: New client connected from 172.19.0.4:49860 as nodered_1c10c87ce7211976 (p2, c1, k60).
1770099892: New connection from 172.19.0.2:44287 on port 1883.
1770099892: New client connected from 172.19.0.2:44287 as sim-pi-gw-001 (p2, c1, k30).
1770099913: New connection from 172.19.0.1:33040 on port 1883.
1770099913: Client <unknown> disconnected due to protocol error.
1770099914: New connection from 172.19.0.1:33042 on port 1883.
1770099914: Client <unknown> disconnected due to protocol error.
1770099919: New connection from 172.19.0.1:34768 on port 1883.
1770099919: Client <unknown> disconnected due to protocol error.
1770100239: New connection from ::1:60676 on port 1883.
1770100239: New client connected from ::1:60676 as auto-490D7ADF-00E2-109E-52FC-2E524A6199CA (p2, c1, k60).
1770100240: Client auto-490D7ADF-00E2-109E-52FC-2E524A6199CA disconnected.
1770100345: New connection from ::1:36392 on port 1883.
1770100345: New client connected from ::1:36392 as auto-C0389E71-A81D-DFEF-B91F-8A371B02B7E8 (p2, c1, k60).
1770100424: Client sim-pi-gw-001 closed its connection.
1770101477: Saving in-memory database to /mosquitto/data//mosquitto.db.
1770103278: Saving in-memory database to /mosquitto/data//mosquitto.db.
1770105079: Saving in-memory database to /mosquitto/data//mosquitto.db.
1770106880: Saving in-memory database to /mosquitto/data//mosquitto.db.
1770108681: Saving in-memory database to /mosquitto/data//mosquitto.db.
1770110482: Saving in-memory database to /mosquitto/data//mosquitto.db.
1770112283: Saving in-memory database to /mosquitto/data//mosquitto.db.
1770114084: Saving in-memory database to /mosquitto/data//mosquitto.db.
1770115885: Saving in-memory database to /mosquitto/data//mosquitto.db.
1770117686: Saving in-memory database to /mosquitto/data//mosquitto.db.
1770119487: Saving in-memory database to /mosquitto/data//mosquitto.db.
1770121288: Saving in-memory database to /mosquitto/data//mosquitto.db.
1770123089: Saving in-memory database to /mosquitto/data//mosquitto.db.
1770124890: Saving in-memory database to /mosquitto/data//mosquitto.db.
1770126690: Saving in-memory database to /mosquitto/data//mosquitto.db.
1770128491: Saving in-memory database to /mosquitto/data//mosquitto.db.
1770130292: Saving in-memory database to /mosquitto/data//mosquitto.db.
1770132093: Saving in-memory database to /mosquitto/data//mosquitto.db.
1770133894: Saving in-memory database to /mosquitto/data//mosquitto.db.
1770135695: Saving in-memory database to /mosquitto/data//mosquitto.db.
1770137496: Saving in-memory database to /mosquitto/data//mosquitto.db.
1770139297: Saving in-memory database to /mosquitto/data//mosquitto.db.
1770141098: Saving in-memory database to /mosquitto/data//mosquitto.db.
1770142899: Saving in-memory database to /mosquitto/data//mosquitto.db.
1770144700: Saving in-memory database to /mosquitto/data//mosquitto.db.
1770146501: Saving in-memory database to /mosquitto/data//mosquitto.db.
1770148300: Saving in-memory database to /mosquitto/data//mosquitto.db.
1770149964: Client auto-C0389E71-A81D-DFEF-B91F-8A371B02B7E8 disconnected.
1770150101: Saving in-memory database to /mosquitto/data//mosquitto.db.
1770151902: Saving in-memory database to /mosquitto/data//mosquitto.db.
1770153703: Saving in-memory database to /mosquitto/data//mosquitto.db.
1770155504: Saving in-memory database to /mosquitto/data//mosquitto.db.
1770157305: Saving in-memory database to /mosquitto/data//mosquitto.db.
1770159106: Saving in-memory database to /mosquitto/data//mosquitto.db.
1770499638: mosquitto version 2.0.22 starting
1770499638: Config loaded from /mosquitto/config/mosquitto.conf.
1770499638: Opening ipv4 listen socket on port 1883.
1770499638: Opening ipv6 listen socket on port 1883.
1770499638: mosquitto version 2.0.22 running
1770499640: New connection from 172.19.0.3:52036 on port 1883.
1770499640: New client connected from 172.19.0.3:52036 as nodered_522f2ed1b444e1be (p2, c1, k60).
1770499683: Client nodered_522f2ed1b444e1be disconnected.
1770499693: mosquitto version 2.0.22 terminating
1770499693: Saving in-memory database to /mosquitto/data//mosquitto.db.
